runspec started at Fri Jan 24 10:20:22 2020 on "prueba"
runspec is: /root/SPECcpu/SPECcpu2006/bin/runspec
runspec: runspec --config=ricardo.cfg --tune=base --size=ref --iterations=1 --noreportable h264ref

Locating benchmarks...found 31 benchmarks in 12 benchsets.
Locating output formats: ASCII, config, CSV, flags, HTML, mail, PDF, PostScript, raw, Screen, Submission Check
Reading config file '/root/SPECcpu/SPECcpu2006/config/ricardo.cfg'
Verbosity = 5
Action    = validate
Tune      = base
Ext       = amd64-m64-gcc41-nn
Size      = ref
Machine   = default
benchmarks= 464.h264ref
outputs   = raw,ASCII
username  = root
Benchmarks selected: 464.h264ref
Compiling Binaries

------------------------------------------------------------------------
  Up to date 464.h264ref ref base amd64-m64-gcc41-nn default


Parsing Flags
  Looking at 464.h264ref base amd64-m64-gcc41-nn default: done
Flag Parsing Complete

Setting Up Run Directories
  Setting up 464.h264ref ref base amd64-m64-gcc41-nn default: existing (run_base_ref_amd64-m64-gcc41-nn.0001)

-----------------------------------
Running Benchmarks

-----------------------------------
  Running 464.h264ref ref base amd64-m64-gcc41-nn default
Commands to run: 
    -C /root/SPECcpu/SPECcpu2006/benchspec/CPU2006/464.h264ref/run/run_base_ref_amd64-m64-gcc41-nn.0001
    -o foreman_ref_baseline_encodelog.out -e foreman_ref_baseline_encodelog.err ../run_base_ref_amd64-m64-gcc41-nn.0001/h264ref_base.amd64-m64-gcc41-nn -d foreman_ref_encoder_baseline.cfg
    -o foreman_ref_main_encodelog.out -e foreman_ref_main_encodelog.err ../run_base_ref_amd64-m64-gcc41-nn.0001/h264ref_base.amd64-m64-gcc41-nn -d foreman_ref_encoder_main.cfg
    -o sss_main_encodelog.out -e sss_main_encodelog.err ../run_base_ref_amd64-m64-gcc41-nn.0001/h264ref_base.amd64-m64-gcc41-nn -d sss_encoder_main.cfg
Specinvoke: /root/SPECcpu/SPECcpu2006/bin/specinvoke -d /root/SPECcpu/SPECcpu2006/benchspec/CPU2006/464.h264ref/run/run_base_ref_amd64-m64-gcc41-nn.0001 -e speccmds.err -o speccmds.stdout -f speccmds.cmd -C
Issuing command '/root/SPECcpu/SPECcpu2006/bin/specinvoke -d /root/SPECcpu/SPECcpu2006/benchspec/CPU2006/464.h264ref/run/run_base_ref_amd64-m64-gcc41-nn.0001 -e speccmds.err -o speccmds.stdout -f speccmds.cmd -C'
Start command: Fri Jan 24 10:20:37 2020 (1579861237)
Stop command: Fri Jan 24 10:26:53 2020 (1579861613)
Elapsed time for command: 00:06:16 (376)
Workload elapsed time (0:1) = 45.940062 seconds
Workload elapsed time (0:2) = 33.206389 seconds
Workload elapsed time (0:3) = 289.054866 seconds
copy 0 finished @ Fri Jan 24 10:26:45 2020.  Total elapsed time: 368.201317
comparing files in '/root/SPECcpu/SPECcpu2006/benchspec/CPU2006/464.h264ref/run/run_base_ref_amd64-m64-gcc41-nn.0001'
comparing 'foreman_ref_baseline_encodelog.out' with abstol=, binary=, calctol=0, cw=1, floatcompare=1, ignorecase=, obiwan=, reltol=, skipabstol=, skipobiwan=, skipreltol=, skiptol=
comparing 'foreman_ref_baseline_leakybucketparam.cfg' with abstol=, binary=1, calctol=0, cw=1, floatcompare=1, ignorecase=, obiwan=, reltol=, skipabstol=, skipobiwan=, skipreltol=, skiptol=
comparing 'foreman_ref_main_encodelog.out' with abstol=, binary=, calctol=0, cw=1, floatcompare=1, ignorecase=, obiwan=, reltol=, skipabstol=, skipobiwan=, skipreltol=, skiptol=
comparing 'foreman_ref_main_leakybucketparam.cfg' with abstol=, binary=1, calctol=0, cw=1, floatcompare=1, ignorecase=, obiwan=, reltol=, skipabstol=, skipobiwan=, skipreltol=, skiptol=
comparing 'sss_main_encodelog.out' with abstol=, binary=, calctol=0, cw=1, floatcompare=1, ignorecase=, obiwan=, reltol=, skipabstol=, skipobiwan=, skipreltol=, skiptol=
comparing 'sss_main_leakybucketparam.cfg' with abstol=, binary=1, calctol=0, cw=1, floatcompare=1, ignorecase=, obiwan=, reltol=, skipabstol=, skipobiwan=, skipreltol=, skiptol=
Specinvoke: /root/SPECcpu/SPECcpu2006/bin/specinvoke -E -d /root/SPECcpu/SPECcpu2006/benchspec/CPU2006/464.h264ref/run/run_base_ref_amd64-m64-gcc41-nn.0001 -c 1 -e compare.err -o compare.stdout -f compare.cmd
Issuing command '/root/SPECcpu/SPECcpu2006/bin/specinvoke -E -d /root/SPECcpu/SPECcpu2006/benchspec/CPU2006/464.h264ref/run/run_base_ref_amd64-m64-gcc41-nn.0001 -c 1 -e compare.err -o compare.stdout -f compare.cmd'
Start command: Fri Jan 24 10:26:53 2020 (1579861613)
Stop command: Fri Jan 24 10:26:56 2020 (1579861616)
Elapsed time for command: 00:00:03 (3)
Benchmark Times:
  Start:    Fri Jan 24 10:20:37 2020 (1579861237)
  Stop:     Fri Jan 24 10:26:53 2020 (1579861613)
  Elapsed:  00:06:16 (376)
  Reported: 368 201436000 368.201436
 Success 464.h264ref base ref ratio=60.10, runtime=368.201436
Success: 1x464.h264ref
Producing Reports
mach: default
  ext: amd64-m64-gcc41-nn
    size: ref
      set: int
           Flag reduction took 0.0006721s
        format: raw -> /root/SPECcpu/SPECcpu2006/result/CINT2006.016.rsf
        format: ASCII -> /root/SPECcpu/SPECcpu2006/result/CINT2006.016.txt
      set: fp

The log for this run is in /root/SPECcpu/SPECcpu2006/result/CPU2006.016.log

runspec finished at Fri Jan 24 10:26:56 2020; 394 total seconds elapsed
