runspec started at Thu Jan 16 17:26:08 2020 on "prueba"
runspec is: /root/SPECcpu/SPECcpu2006/bin/runspec
runspec: runspec --config=ricardo.cfg --size=test --noreportable --tune=base --iterations=1 calculix

Locating benchmarks...found 31 benchmarks in 12 benchsets.
Locating output formats: ASCII, config, CSV, flags, HTML, mail, PDF, PostScript, raw, Screen, Submission Check
Reading config file '/root/SPECcpu/SPECcpu2006/config/ricardo.cfg'
Verbosity = 5
Action    = validate
Tune      = base
Ext       = amd64-m64-gcc41-nn
Size      = test
Machine   = default
benchmarks= 454.calculix
outputs   = raw,ASCII
username  = root
Benchmarks selected: 454.calculix
Compiling Binaries

------------------------------------------------------------------------
  Up to date 454.calculix test base amd64-m64-gcc41-nn default


Parsing Flags
  Looking at 454.calculix base amd64-m64-gcc41-nn default: done
Flag Parsing Complete

Setting Up Run Directories
  Setting up 454.calculix test base amd64-m64-gcc41-nn default: created (run_base_test_amd64-m64-gcc41-nn.0000)

-----------------------------------
Running Benchmarks

-----------------------------------
  Running 454.calculix test base amd64-m64-gcc41-nn default
Commands to run: 
    -C /root/SPECcpu/SPECcpu2006/benchspec/CPU2006/454.calculix/run/run_base_test_amd64-m64-gcc41-nn.0000
    -o beampic.log -e beampic.err ../run_base_test_amd64-m64-gcc41-nn.0000/calculix_base.amd64-m64-gcc41-nn -i  beampic
Specinvoke: /root/SPECcpu/SPECcpu2006/bin/specinvoke -d /root/SPECcpu/SPECcpu2006/benchspec/CPU2006/454.calculix/run/run_base_test_amd64-m64-gcc41-nn.0000 -e speccmds.err -o speccmds.stdout -f speccmds.cmd -C
Issuing command '/root/SPECcpu/SPECcpu2006/bin/specinvoke -d /root/SPECcpu/SPECcpu2006/benchspec/CPU2006/454.calculix/run/run_base_test_amd64-m64-gcc41-nn.0000 -e speccmds.err -o speccmds.stdout -f speccmds.cmd -C'
Start command: Thu Jan 16 17:26:12 2020 (1579195572)
Stop command: Thu Jan 16 17:26:14 2020 (1579195574)
Elapsed time for command: 00:00:02 (2)
Workload elapsed time (0:1) = 0.124887 seconds
copy 0 finished @ Thu Jan 16 17:26:12 2020.  Total elapsed time: 0.124887
comparing files in '/root/SPECcpu/SPECcpu2006/benchspec/CPU2006/454.calculix/run/run_base_test_amd64-m64-gcc41-nn.0000'
comparing 'SPECtestformatmodifier_z.txt' with abstol=1e-09, binary=, calctol=0, cw=, floatcompare=, ignorecase=, obiwan=1, reltol=1e-09, skipabstol=, skipobiwan=, skipreltol=, skiptol=
comparing 'beampic.dat' with abstol=1e-09, binary=, calctol=0, cw=, floatcompare=, ignorecase=, obiwan=1, reltol=1e-09, skipabstol=, skipobiwan=, skipreltol=, skiptol=
Specinvoke: /root/SPECcpu/SPECcpu2006/bin/specinvoke -E -d /root/SPECcpu/SPECcpu2006/benchspec/CPU2006/454.calculix/run/run_base_test_amd64-m64-gcc41-nn.0000 -c 1 -e compare.err -o compare.stdout -f compare.cmd
Issuing command '/root/SPECcpu/SPECcpu2006/bin/specinvoke -E -d /root/SPECcpu/SPECcpu2006/benchspec/CPU2006/454.calculix/run/run_base_test_amd64-m64-gcc41-nn.0000 -c 1 -e compare.err -o compare.stdout -f compare.cmd'
Start command: Thu Jan 16 17:26:14 2020 (1579195574)
Stop command: Thu Jan 16 17:26:16 2020 (1579195576)
Elapsed time for command: 00:00:02 (2)
Benchmark Times:
  Start:    Thu Jan 16 17:26:12 2020 (1579195572)
  Stop:     Thu Jan 16 17:26:14 2020 (1579195574)
  Elapsed:  00:00:02 (2)
  Reported: 0 124934000 0.124934
 Success 454.calculix base test ratio=-0.00, runtime=0.124934
Success: 1x454.calculix
Producing Reports
mach: default
  ext: amd64-m64-gcc41-nn
    size: test
      set: int
      set: fp
           Flag reduction took 0.0006618s
        format: raw -> /root/SPECcpu/SPECcpu2006/result/CFP2006.007.test.rsf
        format: ASCII -> /root/SPECcpu/SPECcpu2006/result/CFP2006.007.test.txt

The log for this run is in /root/SPECcpu/SPECcpu2006/result/CPU2006.007.log

runspec finished at Thu Jan 16 17:26:16 2020; 8 total seconds elapsed
