runspec started at Tue Oct  8 16:11:05 2019 on "debian"
runspec is: /home/ricardo/SPECcpu2006/bin/runspec
runspec: runspec --config=ricardo-linux.cfg --action=build --tune=base bzip2

Locating benchmarks...found 31 benchmarks in 12 benchsets.
Locating output formats: ASCII, config, CSV, flags, HTML, mail, PDF, PostScript, raw, Screen, Submission Check
Reading config file '/home/ricardo/SPECcpu2006/config/ricardo-linux.cfg'
Loading "http://www.spec.org/auto/cpu2006/current_version" for version check: OK

NOTICE: There is a newer version of the suite available from SPEC.
  Version 1.200 was released on Wed Aug 17 03:10:33 2011

                       ----------------------------------
                       The run will continue in 5 seconds
                       ----------------------------------
Verbosity = 5
Action    = build
Tune      = base
Ext       = amd64-m64-gcc42-nn
Size      = ref
Machine   = default
benchmarks= 401.bzip2
outputs   = raw,flags,ASCII,PDF,Screen
username  = ricardo
Benchmarks selected: 401.bzip2
Compiling Binaries

------------------------------------------------------------------------
When checking options for /home/ricardo/SPECcpu2006/benchspec/CPU2006/401.bzip2/exe/bzip2_base.amd64-m64-gcc42-nn, no MD5 sums were
  found in the config file.  They will be installed after build.
  Building 401.bzip2 ref base amd64-m64-gcc42-nn default: (build_base_amd64-m64-gcc42-nn.0000)
Wrote to makefile '/home/ricardo/SPECcpu2006/benchspec/CPU2006/401.bzip2/run/build_base_amd64-m64-gcc42-nn.0000/Makefile.deps':

# These are the build dependencies

# End dependencies
Wrote to makefile '/home/ricardo/SPECcpu2006/benchspec/CPU2006/401.bzip2/run/build_base_amd64-m64-gcc42-nn.0000/Makefile.spec':
TUNE=base
EXT=amd64-m64-gcc42-nn
NUMBER=401
NAME=bzip2
SOURCES= spec.c blocksort.c bzip2.c bzlib.c compress.c crctable.c \
	 decompress.c huffman.c randtable.c
EXEBASE=bzip2
NEED_MATH=
BENCHLANG=C
ONESTEP=
CONESTEP=

CC               = /usr/bin/gcc
COPTIMIZE        = -O2
CXX              = /usr/bin/g++
CXXOPTIMIZE      = -O2 
FC               = /usr/gfortran
FOPTIMIZE        = -O2
FPBASE           = yes
OS               = unix
PORTABILITY      = -DSPEC_CPU_LP64
abstol           = 
action           = build
allow_extension_override = 0
backup_config    = 1
baseexe          = bzip2
basepeak         = 0
benchdir         = benchspec
benchmark        = 401.bzip2
binary           = 
bindir           = exe
calctol          = 0
changedmd5       = 0
check_integrity  = 1
check_md5        = 1
check_version    = 1
command_add_redirect = 0
commanderrfile   = speccmds.err
commandexe       = bzip2_base.amd64-m64-gcc42-nn
commandfile      = speccmds.cmd
commandoutfile   = speccmds.out
commandstdoutfile = speccmds.stdout
compareerrfile   = compare.err
comparefile      = compare.cmd
compareoutfile   = compare.out
comparestdoutfile = compare.stdout
compile_error    = 0
compwhite        = 
configdir        = config
configpath       = /home/ricardo/SPECcpu2006/config/ricardo-linux.cfg
copies           = 1
datadir          = data
delay            = 0
deletebinaries   = 0
deletework       = 0
difflines        = 10
dirprot          = 511
endian           = 12345678
env_vars         = 0
exitvals         = spec_exit
expand_notes     = 0
expid            = 
ext              = amd64-m64-gcc42-nn
fake             = 0
feedback         = 1
flag_url_base    = http://www.spec.org/auto/cpu2006/flags/
floatcompare     = 
help             = 0
http_proxy       = 
http_timeout     = 30
hw_avail         = Dec-9999
hw_cpu_char      = 
hw_cpu_mhz       = 3000
hw_cpu_name      = AMD Opteron 256
hw_disk          = SATA
hw_fpu           = Integrated
hw_memory        = 2 GB (2 x 1GB DDR333 CL2.5)
hw_model         = Tyan Thunder KKQS Pro (S4882)
hw_nchips        = 1
hw_ncores        = 1
hw_ncoresperchip = 1
hw_ncpuorder     = 1 chip
hw_nthreadspercore = 1
hw_ocache        = None
hw_pcache        = 64 KB I + 64 KB D on chip per chip
hw_scache        = 1 MB I+D on chip per chip
hw_tcache        = None
hw_vendor        = Tyan
ignore_errors    = yes
ignore_sigint    = 0
ignorecase       = 
info_wrap_columns = 50
inputdir         = input
iteration        = -1
iterations       = 3
license_num      = 9999
line_width       = 0
locking          = 1
log              = CPU2006
log_line_width   = 0
logname          = /home/ricardo/SPECcpu2006/result/CPU2006.002.log
lognum           = 002
mach             = default
mail_reports     = all
mailcompress     = 0
mailmethod       = smtp
mailport         = 25
mailserver       = 127.0.0.1
mailto           = 
make             = specmake
make_no_clobber  = 0
makeflags        = 
max_active_compares = 0
mean_anyway      = 0
min_report_runs  = 3
minimize_builddirs = 0
minimize_rundirs = 0
name             = bzip2
nc               = 0
need_math        = 
no_input_handler = close
no_monitor       = 
notes0100        =  C base flags: -O2
notes0110        =  C++ base flags: -O2 
notes0120        =  Fortran base flags: -O2
notes25          =  PORTABILITY=-DSPEC_CPU_LP64 is applied to all benchmarks in base.
notes_wrap_columns = 0
notes_wrap_indent =     
num              = 401
obiwan           = 
os_exe_ext       = 
output           = asc
output_format    = asc, pdf, Screen
output_root      = 
outputdir        = output
path             = /home/ricardo/SPECcpu2006/benchspec/CPU2006/401.bzip2
plain_train      = 1
prefix           = 
prepared_by      = 
rate             = 0
rawfile          = 
rawformat        = 0
realuser         = your name here
rebuild          = 0
reftime          = reftime
reltol           = 
reportable       = 1
resultdir        = result
review           = 0
run              = all
runspec          = /home/ricardo/SPECcpu2006/bin/runspec --config=ricardo-linux.cfg --action=build --tune=base bzip2
safe_eval        = 1
section_specifier_fatal = 1
sendmail         = /usr/sbin/sendmail
setpgrp_enabled  = 1
setprocgroup     = 1
shrate           = 0
sigint           = 2
size             = ref
skipabstol       = 
skipobiwan       = 
skipreltol       = 
skiptol          = 
smarttune        = base
specdiff         = specdiff
specmake         = Makefile.YYYtArGeTYYYspec
specrun          = specinvoke
speed            = 0
srcalt           = 
srcdir           = src
stagger          = 10
strict_rundir_verify = 1
subworkdir       = work
sw_auto_parallel = No
sw_avail         = Dec-9999
sw_base_ptrsize  = 64-bit
sw_compiler      = gcc , g++ & gfortran 4.2.0325 (for AMD64)
sw_file          = ext3
sw_os            = SUSE SLES9 (for AMD64)
sw_other         = None
sw_peak_ptrsize  = Not Applicable
sw_state         = runlevel 3
sysinfo_program  = 
table            = 1
teeout           = yes
teerunout        = yes
test_date        = Dec-9999
test_sponsor     = Turbo Computers
tester           = 
top              = /home/ricardo/SPECcpu2006
tune             = base
uid              = 1001
unbuffer         = 1
update-flags     = 0
use_submit_for_speed = 0
username         = ricardo
vendor           = anon
vendor_makefiles = 0
verbose          = 5
version          = 0
version_url      = http://www.spec.org/auto/cpu2006/current_version
workdir          = run
worklist         = list
  Compile for '401.bzip2' started at: Tue Oct  8 16:11:14 2019 (1570543874)
Issuing make.clean command 'specmake clean'
Start make.clean command: Tue Oct  8 16:11:14 2019 (1570543874)
rm -rf bzip2 bzip2.exe *.o  *.fppized.f*
find . \( -name \*.o -o -name '*.fppized.f*' \) -print | xargs rm -rf
rm -rf core 
Stop make.clean command: Tue Oct  8 16:11:15 2019 (1570543875)
Elapsed time for make.clean command: 00:00:01 (1)
Issuing make command 'specmake build'
Start make command: Tue Oct  8 16:11:15 2019 (1570543875)
/usr/bin/gcc -c -o spec.o -DSPEC_CPU -DNDEBUG    -O2       -DSPEC_CPU_LP64         spec.c
/usr/bin/gcc -c -o blocksort.o -DSPEC_CPU -DNDEBUG    -O2       -DSPEC_CPU_LP64         blocksort.c
/usr/bin/gcc -c -o bzip2.o -DSPEC_CPU -DNDEBUG    -O2       -DSPEC_CPU_LP64         bzip2.c
In file included from bzip2.c:155:
bzip2.c: In function 'compressStream':
bzlib.h:80:28: warning: cast from pointer to integer of different size [-Wpointer-to-int-cast]
    #  define SPEC_NULLCAST (int)
                            ^
bzip2.c:484:32: note: in expansion of macro 'SPEC_NULLCAST'
       outputHandleJustInCase = SPEC_NULLCAST NULL;
                                ^~~~~~~~~~~~~
bzip2.c:487:27: warning: assignment to 'int' from 'void *' makes integer from pointer without a cast [-Wint-conversion]
    outputHandleJustInCase = NULL;
                           ^
In file included from bzip2.c:155:
bzip2.c: In function 'uncompressStream':
bzlib.h:80:28: warning: cast from pointer to integer of different size [-Wpointer-to-int-cast]
    #  define SPEC_NULLCAST (int)
                            ^
bzip2.c:611:32: note: in expansion of macro 'SPEC_NULLCAST'
       outputHandleJustInCase = SPEC_NULLCAST NULL;
                                ^~~~~~~~~~~~~
bzip2.c:614:27: warning: assignment to 'int' from 'void *' makes integer from pointer without a cast [-Wint-conversion]
    outputHandleJustInCase = NULL;
                           ^
/usr/bin/gcc -c -o bzlib.o -DSPEC_CPU -DNDEBUG    -O2       -DSPEC_CPU_LP64         bzlib.c
In file included from bzlib_private.h:73,
                 from bzlib.c:77:
bzlib.c: In function 'BZ2_bzWriteOpen':
bzlib.h:80:28: warning: cast from pointer to integer of different size [-Wpointer-to-int-cast]
    #  define SPEC_NULLCAST (int)
                            ^
bzlib.c:996:13: note: in expansion of macro 'SPEC_NULLCAST'
    if (f == SPEC_NULLCAST NULL ||
             ^~~~~~~~~~~~~
bzlib.c: In function 'BZ2_bzReadOpen':
bzlib.h:80:28: warning: cast from pointer to integer of different size [-Wpointer-to-int-cast]
    #  define SPEC_NULLCAST (int)
                            ^
bzlib.c:1172:13: note: in expansion of macro 'SPEC_NULLCAST'
    if (f == SPEC_NULLCAST NULL ||
             ^~~~~~~~~~~~~
bzlib.c: In function 'bzopen_or_bzdopen':
bzlib.h:80:28: warning: cast from pointer to integer of different size [-Wpointer-to-int-cast]
    #  define SPEC_NULLCAST (int)
                            ^
bzlib.c:1512:12: note: in expansion of macro 'SPEC_NULLCAST'
       fp = SPEC_NULLCAST NULL;
            ^~~~~~~~~~~~~
bzlib.h:80:28: warning: cast from pointer to integer of different size [-Wpointer-to-int-cast]
    #  define SPEC_NULLCAST (int)
                            ^
bzlib.c:1521:14: note: in expansion of macro 'SPEC_NULLCAST'
    if (fp == SPEC_NULLCAST NULL) return NULL;
              ^~~~~~~~~~~~~
/usr/bin/gcc -c -o compress.o -DSPEC_CPU -DNDEBUG    -O2       -DSPEC_CPU_LP64         compress.c
/usr/bin/gcc -c -o crctable.o -DSPEC_CPU -DNDEBUG    -O2       -DSPEC_CPU_LP64         crctable.c
/usr/bin/gcc -c -o decompress.o -DSPEC_CPU -DNDEBUG    -O2       -DSPEC_CPU_LP64         decompress.c
/usr/bin/gcc -c -o huffman.o -DSPEC_CPU -DNDEBUG    -O2       -DSPEC_CPU_LP64         huffman.c
/usr/bin/gcc -c -o randtable.o -DSPEC_CPU -DNDEBUG    -O2       -DSPEC_CPU_LP64         randtable.c
/usr/bin/gcc   -O2  -DSPEC_CPU_LP64        spec.o blocksort.o bzip2.o bzlib.o compress.o crctable.o decompress.o huffman.o randtable.o                     -o bzip2
Stop make command: Tue Oct  8 16:11:18 2019 (1570543878)
Elapsed time for make command: 00:00:03 (3)
Issuing options command 'specmake options'
Start options command: Tue Oct  8 16:11:18 2019 (1570543878)
COMP: /usr/bin/gcc -c -o options.o -DSPEC_CPU -DNDEBUG    -O2       -DSPEC_CPU_LP64         <source>
C: CC="/usr/bin/gcc"
C: COBJOPT="-c -o options"
P: CPUFLAGS="-DSPEC_CPU -DNDEBUG"
P: BENCH_FLAGS=""
P: BENCH_CFLAGS=""
O: OPTIMIZE=""
O: COPTIMIZE="-O2"
P: PORTABILITY="-DSPEC_CPU_LP64"
P: CPORTABILITY=""
O: EXTRA_CFLAGS=""
O: EXTRA_OPTIMIZE=""
O: EXTRA_COPTIMIZE=""
P: EXTRA_PORTABILITY=""
P: EXTRA_CPORTABILITY=""
LINK: /usr/bin/gcc   -O2  -DSPEC_CPU_LP64        <objects>           -o options
C: LD="/usr/bin/gcc"
O: COPTIMIZE="-O2"
P: PORTABILITY="-DSPEC_CPU_LP64"
C: LDOUT="-o options"
Stop options command: Tue Oct  8 16:11:19 2019 (1570543879)
Elapsed time for options command: 00:00:01 (1)
  Compile for '401.bzip2' ended at: Tue Oct  8 16:11:19 2019 (1570543879)
  Elapsed compile for '401.bzip2': 00:00:05 (5)

Build successes: 401.bzip2(base)

Build Complete

The log for this run is in /home/ricardo/SPECcpu2006/result/CPU2006.002.log

runspec finished at Tue Oct  8 16:11:19 2019; 14 total seconds elapsed
