runspec started at Mon Oct 14 19:26:03 2019 on "debian"
runspec is: /home/ricardo/SPECcpu2006/bin/runspec
runspec: runspec --config=ricardo-linux.cfg -a run --size=ref --noreportable --tune=base --iterations=1 all

Locating benchmarks...found 31 benchmarks in 12 benchsets.
Locating output formats: ASCII, config, CSV, flags, HTML, mail, PDF, PostScript, raw, Screen, Submission Check
Reading config file '/home/ricardo/SPECcpu2006/config/ricardo-linux.cfg'
Verbosity = 5
Action    = validate
Tune      = base
Ext       = amd64-m64-gcc42-nn
Size      = ref
Machine   = default
benchmarks= 400.perlbench,401.bzip2,403.gcc,429.mcf,445.gobmk,456.hmmer,458.sjeng,462.libquantum,464.h264ref,471.omnetpp,473.astar,483.xalancbmk,999.specrand,410.bwaves,416.gamess,433.milc,434.zeusmp,435.gromacs,436.cactusADM,437.leslie3d,444.namd,447.dealII,450.soplex,453.povray,454.calculix,459.GemsFDTD,465.tonto,470.lbm,481.wrf,482.sphinx3,998.specrand
outputs   = raw,flags,ASCII,PDF,Screen
username  = ricardo
Benchmarks selected: 400.perlbench, 401.bzip2, 403.gcc, 429.mcf, 445.gobmk, 456.hmmer, 458.sjeng, 462.libquantum, 464.h264ref, 471.omnetpp, 473.astar, 483.xalancbmk, 999.specrand, 410.bwaves, 416.gamess, 433.milc, 434.zeusmp, 435.gromacs, 436.cactusADM, 437.leslie3d, 444.namd, 447.dealII, 450.soplex, 453.povray, 454.calculix, 459.GemsFDTD, 465.tonto, 470.lbm, 481.wrf, 482.sphinx3, 998.specrand
Compiling Binaries

------------------------------------------------------------------------
When checking options for /home/ricardo/SPECcpu2006/benchspec/CPU2006/400.perlbench/exe/perlbench_base.amd64-m64-gcc42-nn, no MD5 sums were
  found in the config file.  They will be installed after build.
  Building 400.perlbench ref base amd64-m64-gcc42-nn default: (build_base_amd64-m64-gcc42-nn.0000)
Wrote to makefile '/home/ricardo/SPECcpu2006/benchspec/CPU2006/400.perlbench/run/build_base_amd64-m64-gcc42-nn.0000/Makefile.deps':

# These are the build dependencies

$(addsuffix $(OBJ), $(basename perl.c)): perl.c EXTERN.h perl.h config.h spec_config.h embed.h handy.h iperlsys.h perlio.h regexp.h sv.h util.h form.h gv.h pad.h cv.h opnames.h op.h cop.h av.h hv.h mg.h scope.h warnings.h utf8.h perly.h thread.h pp.h proto.h pp_proto.h opcode.h embedvar.h intrpvar.h thrdvar.h perlvars.h patchlevel.h
$(addsuffix $(OBJ), $(basename doio.c)): doio.c EXTERN.h perl.h config.h spec_config.h embed.h handy.h iperlsys.h perlio.h regexp.h sv.h util.h form.h gv.h pad.h cv.h opnames.h op.h cop.h av.h hv.h mg.h scope.h warnings.h utf8.h perly.h thread.h pp.h proto.h pp_proto.h opcode.h embedvar.h intrpvar.h thrdvar.h perlvars.h patchlevel.h
$(addsuffix $(OBJ), $(basename perlhost.h)): perlhost.h iperlsys.h vmem.h vdir.h perlio.h
$(addsuffix $(OBJ), $(basename universal.c)): universal.c perliol.h XSUB.h perlapi.h EXTERN.h perl.h config.h spec_config.h embed.h handy.h iperlsys.h perlio.h regexp.h sv.h util.h form.h gv.h pad.h cv.h opnames.h op.h cop.h av.h hv.h mg.h scope.h warnings.h utf8.h perly.h thread.h pp.h proto.h pp_proto.h opcode.h embedvar.h intrpvar.h thrdvar.h perlvars.h patchlevel.h
$(addsuffix $(OBJ), $(basename locale.c)): locale.c EXTERN.h perl.h config.h spec_config.h embed.h handy.h iperlsys.h perlio.h regexp.h sv.h util.h form.h gv.h pad.h cv.h opnames.h op.h cop.h av.h hv.h mg.h scope.h warnings.h utf8.h perly.h thread.h pp.h proto.h pp_proto.h opcode.h embedvar.h intrpvar.h thrdvar.h perlvars.h patchlevel.h
$(addsuffix $(OBJ), $(basename win32thread.c)): win32thread.c win32.h win32iop.h EXTERN.h perl.h config.h spec_config.h embed.h handy.h iperlsys.h perlio.h regexp.h sv.h util.h form.h gv.h pad.h cv.h opnames.h op.h cop.h av.h hv.h mg.h scope.h warnings.h utf8.h perly.h thread.h pp.h proto.h pp_proto.h opcode.h embedvar.h intrpvar.h thrdvar.h perlvars.h patchlevel.h
$(addsuffix $(OBJ), $(basename op.c)): op.c keywords.h XSUB.h perlapi.h EXTERN.h perl.h config.h spec_config.h embed.h handy.h iperlsys.h perlio.h regexp.h sv.h util.h form.h gv.h pad.h cv.h opnames.h op.h cop.h av.h hv.h mg.h scope.h warnings.h utf8.h perly.h thread.h pp.h proto.h pp_proto.h opcode.h embedvar.h intrpvar.h thrdvar.h perlvars.h patchlevel.h
$(addsuffix $(OBJ), $(basename av.c)): av.c EXTERN.h perl.h config.h spec_config.h embed.h handy.h iperlsys.h perlio.h regexp.h sv.h util.h form.h gv.h pad.h cv.h opnames.h op.h cop.h av.h hv.h mg.h scope.h warnings.h utf8.h perly.h thread.h pp.h proto.h pp_proto.h opcode.h embedvar.h intrpvar.h thrdvar.h perlvars.h patchlevel.h
$(addsuffix $(OBJ), $(basename gv.c)): gv.c EXTERN.h perl.h config.h spec_config.h embed.h handy.h iperlsys.h perlio.h regexp.h sv.h util.h form.h gv.h pad.h cv.h opnames.h op.h cop.h av.h hv.h mg.h scope.h warnings.h utf8.h perly.h thread.h pp.h proto.h pp_proto.h opcode.h embedvar.h intrpvar.h thrdvar.h perlvars.h patchlevel.h
$(addsuffix $(OBJ), $(basename perly.c)): perly.c EXTERN.h perl.h config.h spec_config.h embed.h handy.h iperlsys.h perlio.h regexp.h sv.h util.h form.h gv.h pad.h cv.h opnames.h op.h cop.h av.h hv.h mg.h scope.h warnings.h utf8.h perly.h thread.h pp.h proto.h pp_proto.h opcode.h embedvar.h intrpvar.h thrdvar.h perlvars.h patchlevel.h
$(addsuffix $(OBJ), $(basename proto.h)): proto.h pp_proto.h
$(addsuffix $(OBJ), $(basename xsutils.c)): xsutils.c XSUB.h perlapi.h EXTERN.h perl.h config.h spec_config.h embed.h handy.h iperlsys.h perlio.h regexp.h sv.h util.h form.h gv.h pad.h cv.h opnames.h op.h cop.h av.h hv.h mg.h scope.h warnings.h utf8.h perly.h thread.h pp.h proto.h pp_proto.h opcode.h embedvar.h intrpvar.h thrdvar.h perlvars.h patchlevel.h
$(addsuffix $(OBJ), $(basename mg.c)): mg.c EXTERN.h perl.h config.h spec_config.h embed.h handy.h iperlsys.h perlio.h regexp.h sv.h util.h form.h gv.h pad.h cv.h opnames.h op.h cop.h av.h hv.h mg.h scope.h warnings.h utf8.h perly.h thread.h pp.h proto.h pp_proto.h opcode.h embedvar.h intrpvar.h thrdvar.h perlvars.h patchlevel.h
$(addsuffix $(OBJ), $(basename Base64.c)): Base64.c XSUB.h perlapi.h EXTERN.h perl.h config.h spec_config.h embed.h handy.h iperlsys.h perlio.h regexp.h sv.h util.h form.h gv.h pad.h cv.h opnames.h op.h cop.h av.h hv.h mg.h scope.h warnings.h utf8.h perly.h thread.h pp.h proto.h pp_proto.h opcode.h embedvar.h intrpvar.h thrdvar.h perlvars.h patchlevel.h
$(addsuffix $(OBJ), $(basename perllib.c)): perllib.c XSUB.h perlapi.h EXTERN.h perl.h config.h spec_config.h embed.h handy.h iperlsys.h perlio.h regexp.h sv.h util.h form.h gv.h pad.h cv.h opnames.h op.h cop.h av.h hv.h mg.h scope.h warnings.h utf8.h perly.h thread.h pp.h proto.h pp_proto.h opcode.h embedvar.h intrpvar.h thrdvar.h perlvars.h patchlevel.h
$(addsuffix $(OBJ), $(basename IO.c)): IO.c poll.h XSUB.h perlapi.h EXTERN.h perl.h config.h spec_config.h embed.h handy.h iperlsys.h perlio.h regexp.h sv.h util.h form.h gv.h pad.h cv.h opnames.h op.h cop.h av.h hv.h mg.h scope.h warnings.h utf8.h perly.h thread.h pp.h proto.h pp_proto.h opcode.h embedvar.h intrpvar.h thrdvar.h perlvars.h patchlevel.h
$(addsuffix $(OBJ), $(basename iperlsys.h)): iperlsys.h perlio.h
$(addsuffix $(OBJ), $(basename toke.c)): toke.c keywords.h EXTERN.h perl.h config.h spec_config.h embed.h handy.h iperlsys.h perlio.h regexp.h sv.h util.h form.h gv.h pad.h cv.h opnames.h op.h cop.h av.h hv.h mg.h scope.h warnings.h utf8.h perly.h thread.h pp.h proto.h pp_proto.h opcode.h embedvar.h intrpvar.h thrdvar.h perlvars.h patchlevel.h
$(addsuffix $(OBJ), $(basename doop.c)): doop.c EXTERN.h perl.h config.h spec_config.h embed.h handy.h iperlsys.h perlio.h regexp.h sv.h util.h form.h gv.h pad.h cv.h opnames.h op.h cop.h av.h hv.h mg.h scope.h warnings.h utf8.h perly.h thread.h pp.h proto.h pp_proto.h opcode.h embedvar.h intrpvar.h thrdvar.h perlvars.h patchlevel.h
$(addsuffix $(OBJ), $(basename Storable.c)): Storable.c XSUB.h perlapi.h EXTERN.h perl.h config.h spec_config.h embed.h handy.h iperlsys.h perlio.h regexp.h sv.h util.h form.h gv.h pad.h cv.h opnames.h op.h cop.h av.h hv.h mg.h scope.h warnings.h utf8.h perly.h thread.h pp.h proto.h pp_proto.h opcode.h embedvar.h intrpvar.h thrdvar.h perlvars.h patchlevel.h
$(addsuffix $(OBJ), $(basename perlapi.c)): perlapi.c perlapi.h EXTERN.h perl.h config.h spec_config.h embed.h handy.h iperlsys.h perlio.h regexp.h sv.h util.h form.h gv.h pad.h cv.h opnames.h op.h cop.h av.h hv.h mg.h scope.h warnings.h utf8.h perly.h thread.h pp.h proto.h pp_proto.h opcode.h embedvar.h intrpvar.h thrdvar.h perlvars.h patchlevel.h
$(addsuffix $(OBJ), $(basename Dumper.c)): Dumper.c XSUB.h perlapi.h EXTERN.h perl.h config.h spec_config.h embed.h handy.h iperlsys.h perlio.h regexp.h sv.h util.h form.h gv.h pad.h cv.h opnames.h op.h cop.h av.h hv.h mg.h scope.h warnings.h utf8.h perly.h thread.h pp.h proto.h pp_proto.h opcode.h embedvar.h intrpvar.h thrdvar.h perlvars.h patchlevel.h
$(addsuffix $(OBJ), $(basename perlmain.c)): perlmain.c EXTERN.h perl.h config.h spec_config.h embed.h handy.h iperlsys.h perlio.h regexp.h sv.h util.h form.h gv.h pad.h cv.h opnames.h op.h cop.h av.h hv.h mg.h scope.h warnings.h utf8.h perly.h thread.h pp.h proto.h pp_proto.h opcode.h embedvar.h intrpvar.h thrdvar.h perlvars.h patchlevel.h
$(addsuffix $(OBJ), $(basename hparser.c)): hparser.c hctype.h tokenpos.h
$(addsuffix $(OBJ), $(basename sv.c)): sv.c regcomp.h regnodes.h EXTERN.h perl.h config.h spec_config.h embed.h handy.h iperlsys.h perlio.h regexp.h sv.h util.h form.h gv.h pad.h cv.h opnames.h op.h cop.h av.h hv.h mg.h scope.h warnings.h utf8.h perly.h thread.h pp.h proto.h pp_proto.h opcode.h embedvar.h intrpvar.h thrdvar.h perlvars.h patchlevel.h
$(addsuffix $(OBJ), $(basename HiRes.c)): HiRes.c const-c.inc XSUB.h perlapi.h EXTERN.h perl.h config.h spec_config.h embed.h handy.h iperlsys.h perlio.h regexp.h sv.h util.h form.h gv.h pad.h cv.h opnames.h op.h cop.h av.h hv.h mg.h scope.h warnings.h utf8.h perly.h thread.h pp.h proto.h pp_proto.h opcode.h embedvar.h intrpvar.h thrdvar.h perlvars.h patchlevel.h
$(addsuffix $(OBJ), $(basename taint.c)): taint.c EXTERN.h perl.h config.h spec_config.h embed.h handy.h iperlsys.h perlio.h regexp.h sv.h util.h form.h gv.h pad.h cv.h opnames.h op.h cop.h av.h hv.h mg.h scope.h warnings.h utf8.h perly.h thread.h pp.h proto.h pp_proto.h opcode.h embedvar.h intrpvar.h thrdvar.h perlvars.h patchlevel.h
$(addsuffix $(OBJ), $(basename perlio.c)): perlio.c perlsdio.h perliol.h XSUB.h perlapi.h EXTERN.h perl.h config.h spec_config.h embed.h handy.h iperlsys.h perlio.h regexp.h sv.h util.h form.h gv.h pad.h cv.h opnames.h op.h cop.h av.h hv.h mg.h scope.h warnings.h utf8.h perly.h thread.h pp.h proto.h pp_proto.h opcode.h embedvar.h intrpvar.h thrdvar.h perlvars.h patchlevel.h
$(addsuffix $(OBJ), $(basename pad.c)): pad.c EXTERN.h perl.h config.h spec_config.h embed.h handy.h iperlsys.h perlio.h regexp.h sv.h util.h form.h gv.h pad.h cv.h opnames.h op.h cop.h av.h hv.h mg.h scope.h warnings.h utf8.h perly.h thread.h pp.h proto.h pp_proto.h opcode.h embedvar.h intrpvar.h thrdvar.h perlvars.h patchlevel.h
$(addsuffix $(OBJ), $(basename DynaLoader.c)): DynaLoader.c XSUB.h perlapi.h EXTERN.h perl.h config.h spec_config.h embed.h handy.h iperlsys.h perlio.h regexp.h sv.h util.h form.h gv.h pad.h cv.h opnames.h op.h cop.h av.h hv.h mg.h scope.h warnings.h utf8.h perly.h thread.h pp.h proto.h pp_proto.h opcode.h embedvar.h intrpvar.h thrdvar.h perlvars.h patchlevel.h
$(addsuffix $(OBJ), $(basename regcomp.c)): regcomp.c INTERN.h regcomp.h regnodes.h EXTERN.h perl.h config.h spec_config.h embed.h handy.h iperlsys.h perlio.h regexp.h sv.h util.h form.h gv.h pad.h cv.h opnames.h op.h cop.h av.h hv.h mg.h scope.h warnings.h utf8.h perly.h thread.h pp.h proto.h pp_proto.h opcode.h embedvar.h intrpvar.h thrdvar.h perlvars.h patchlevel.h
$(addsuffix $(OBJ), $(basename utf8.c)): utf8.c EXTERN.h perl.h config.h spec_config.h embed.h handy.h iperlsys.h perlio.h regexp.h sv.h util.h form.h gv.h pad.h cv.h opnames.h op.h cop.h av.h hv.h mg.h scope.h warnings.h utf8.h perly.h thread.h pp.h proto.h pp_proto.h opcode.h embedvar.h intrpvar.h thrdvar.h perlvars.h patchlevel.h
$(addsuffix $(OBJ), $(basename util.c)): util.c specrand.h EXTERN.h perl.h config.h spec_config.h embed.h handy.h iperlsys.h perlio.h regexp.h sv.h util.h form.h gv.h pad.h cv.h opnames.h op.h cop.h av.h hv.h mg.h scope.h warnings.h utf8.h perly.h thread.h pp.h proto.h pp_proto.h opcode.h embedvar.h intrpvar.h thrdvar.h perlvars.h patchlevel.h
$(addsuffix $(OBJ), $(basename scope.c)): scope.c EXTERN.h perl.h config.h spec_config.h embed.h handy.h iperlsys.h perlio.h regexp.h sv.h util.h form.h gv.h pad.h cv.h opnames.h op.h cop.h av.h hv.h mg.h scope.h warnings.h utf8.h perly.h thread.h pp.h proto.h pp_proto.h opcode.h embedvar.h intrpvar.h thrdvar.h perlvars.h patchlevel.h
$(addsuffix $(OBJ), $(basename miniperlmain.c)): miniperlmain.c EXTERN.h perl.h config.h spec_config.h embed.h handy.h iperlsys.h perlio.h regexp.h sv.h util.h form.h gv.h pad.h cv.h opnames.h op.h cop.h av.h hv.h mg.h scope.h warnings.h utf8.h perly.h thread.h pp.h proto.h pp_proto.h opcode.h embedvar.h intrpvar.h thrdvar.h perlvars.h patchlevel.h
$(addsuffix $(OBJ), $(basename win32io.c)): win32io.c perliol.h XSUB.h perlapi.h EXTERN.h perl.h config.h spec_config.h embed.h handy.h iperlsys.h perlio.h regexp.h sv.h util.h form.h gv.h pad.h cv.h opnames.h op.h cop.h av.h hv.h mg.h scope.h warnings.h utf8.h perly.h thread.h pp.h proto.h pp_proto.h opcode.h embedvar.h intrpvar.h thrdvar.h perlvars.h patchlevel.h
$(addsuffix $(OBJ), $(basename config.h)): config.h spec_config.h
$(addsuffix $(OBJ), $(basename attrs.c)): attrs.c XSUB.h perlapi.h EXTERN.h perl.h config.h spec_config.h embed.h handy.h iperlsys.h perlio.h regexp.h sv.h util.h form.h gv.h pad.h cv.h opnames.h op.h cop.h av.h hv.h mg.h scope.h warnings.h utf8.h perly.h thread.h pp.h proto.h pp_proto.h opcode.h embedvar.h intrpvar.h thrdvar.h perlvars.h patchlevel.h
$(addsuffix $(OBJ), $(basename XSUB.h)): XSUB.h perlapi.h
$(addsuffix $(OBJ), $(basename numeric.c)): numeric.c EXTERN.h perl.h config.h spec_config.h embed.h handy.h iperlsys.h perlio.h regexp.h sv.h util.h form.h gv.h pad.h cv.h opnames.h op.h cop.h av.h hv.h mg.h scope.h warnings.h utf8.h perly.h thread.h pp.h proto.h pp_proto.h opcode.h embedvar.h intrpvar.h thrdvar.h perlvars.h patchlevel.h
$(addsuffix $(OBJ), $(basename pp_pack.c)): pp_pack.c EXTERN.h perl.h config.h spec_config.h embed.h handy.h iperlsys.h perlio.h regexp.h sv.h util.h form.h gv.h pad.h cv.h opnames.h op.h cop.h av.h hv.h mg.h scope.h warnings.h utf8.h perly.h thread.h pp.h proto.h pp_proto.h opcode.h embedvar.h intrpvar.h thrdvar.h perlvars.h patchlevel.h
$(addsuffix $(OBJ), $(basename Cwd.c)): Cwd.c XSUB.h perlapi.h EXTERN.h perl.h config.h spec_config.h embed.h handy.h iperlsys.h perlio.h regexp.h sv.h util.h form.h gv.h pad.h cv.h opnames.h op.h cop.h av.h hv.h mg.h scope.h warnings.h utf8.h perly.h thread.h pp.h proto.h pp_proto.h opcode.h embedvar.h intrpvar.h thrdvar.h perlvars.h patchlevel.h
$(addsuffix $(OBJ), $(basename MD5.c)): MD5.c XSUB.h perlapi.h EXTERN.h perl.h config.h spec_config.h embed.h handy.h iperlsys.h perlio.h regexp.h sv.h util.h form.h gv.h pad.h cv.h opnames.h op.h cop.h av.h hv.h mg.h scope.h warnings.h utf8.h perly.h thread.h pp.h proto.h pp_proto.h opcode.h embedvar.h intrpvar.h thrdvar.h perlvars.h patchlevel.h
$(addsuffix $(OBJ), $(basename pp_hot.c)): pp_hot.c EXTERN.h perl.h config.h spec_config.h embed.h handy.h iperlsys.h perlio.h regexp.h sv.h util.h form.h gv.h pad.h cv.h opnames.h op.h cop.h av.h hv.h mg.h scope.h warnings.h utf8.h perly.h thread.h pp.h proto.h pp_proto.h opcode.h embedvar.h intrpvar.h thrdvar.h perlvars.h patchlevel.h
$(addsuffix $(OBJ), $(basename poll.c)): poll.c poll.h XSUB.h perlapi.h EXTERN.h perl.h config.h spec_config.h embed.h handy.h iperlsys.h perlio.h regexp.h sv.h util.h form.h gv.h pad.h cv.h opnames.h op.h cop.h av.h hv.h mg.h scope.h warnings.h utf8.h perly.h thread.h pp.h proto.h pp_proto.h opcode.h embedvar.h intrpvar.h thrdvar.h perlvars.h patchlevel.h
$(addsuffix $(OBJ), $(basename pp_sys.c)): pp_sys.c reentr.h EXTERN.h perl.h config.h spec_config.h embed.h handy.h iperlsys.h perlio.h regexp.h sv.h util.h form.h gv.h pad.h cv.h opnames.h op.h cop.h av.h hv.h mg.h scope.h warnings.h utf8.h perly.h thread.h pp.h proto.h pp_proto.h opcode.h embedvar.h intrpvar.h thrdvar.h perlvars.h patchlevel.h
$(addsuffix $(OBJ), $(basename run.c)): run.c EXTERN.h perl.h config.h spec_config.h embed.h handy.h iperlsys.h perlio.h regexp.h sv.h util.h form.h gv.h pad.h cv.h opnames.h op.h cop.h av.h hv.h mg.h scope.h warnings.h utf8.h perly.h thread.h pp.h proto.h pp_proto.h opcode.h embedvar.h intrpvar.h thrdvar.h perlvars.h patchlevel.h
$(addsuffix $(OBJ), $(basename globals.c)): globals.c INTERN.h perlapi.h perl.h config.h spec_config.h embed.h handy.h iperlsys.h perlio.h regexp.h sv.h util.h form.h gv.h pad.h cv.h opnames.h op.h cop.h av.h hv.h mg.h scope.h warnings.h utf8.h perly.h thread.h pp.h proto.h pp_proto.h opcode.h embedvar.h intrpvar.h thrdvar.h perlvars.h patchlevel.h
$(addsuffix $(OBJ), $(basename regexec.c)): regexec.c regcomp.h regnodes.h EXTERN.h perl.h config.h spec_config.h embed.h handy.h iperlsys.h perlio.h regexp.h sv.h util.h form.h gv.h pad.h cv.h opnames.h op.h cop.h av.h hv.h mg.h scope.h warnings.h utf8.h perly.h thread.h pp.h proto.h pp_proto.h opcode.h embedvar.h intrpvar.h thrdvar.h perlvars.h patchlevel.h
$(addsuffix $(OBJ), $(basename Hostname.c)): Hostname.c XSUB.h perlapi.h EXTERN.h perl.h config.h spec_config.h embed.h handy.h iperlsys.h perlio.h regexp.h sv.h util.h form.h gv.h pad.h cv.h opnames.h op.h cop.h av.h hv.h mg.h scope.h warnings.h utf8.h perly.h thread.h pp.h proto.h pp_proto.h opcode.h embedvar.h intrpvar.h thrdvar.h perlvars.h patchlevel.h
$(addsuffix $(OBJ), $(basename Peek.c)): Peek.c XSUB.h perlapi.h EXTERN.h perl.h config.h spec_config.h embed.h handy.h iperlsys.h perlio.h regexp.h sv.h util.h form.h gv.h pad.h cv.h opnames.h op.h cop.h av.h hv.h mg.h scope.h warnings.h utf8.h perly.h thread.h pp.h proto.h pp_proto.h opcode.h embedvar.h intrpvar.h thrdvar.h perlvars.h patchlevel.h
$(addsuffix $(OBJ), $(basename pp_ctl.c)): pp_ctl.c EXTERN.h perl.h config.h spec_config.h embed.h handy.h iperlsys.h perlio.h regexp.h sv.h util.h form.h gv.h pad.h cv.h opnames.h op.h cop.h av.h hv.h mg.h scope.h warnings.h utf8.h perly.h thread.h pp.h proto.h pp_proto.h opcode.h embedvar.h intrpvar.h thrdvar.h perlvars.h patchlevel.h
$(addsuffix $(OBJ), $(basename win32sck.c)): win32sck.c win32iop.h EXTERN.h perl.h config.h spec_config.h embed.h handy.h iperlsys.h perlio.h regexp.h sv.h util.h form.h gv.h pad.h cv.h opnames.h op.h cop.h av.h hv.h mg.h scope.h warnings.h utf8.h perly.h thread.h pp.h proto.h pp_proto.h opcode.h embedvar.h intrpvar.h thrdvar.h perlvars.h patchlevel.h
$(addsuffix $(OBJ), $(basename Parser.c)): Parser.c hparser.h parser-util.c hparser.c hctype.h tokenpos.h XSUB.h perlapi.h EXTERN.h perl.h config.h spec_config.h embed.h handy.h iperlsys.h perlio.h regexp.h sv.h util.h form.h gv.h pad.h cv.h opnames.h op.h cop.h av.h hv.h mg.h scope.h warnings.h utf8.h perly.h thread.h pp.h proto.h pp_proto.h opcode.h embedvar.h intrpvar.h thrdvar.h perlvars.h patchlevel.h
$(addsuffix $(OBJ), $(basename hv.c)): hv.c EXTERN.h perl.h config.h spec_config.h embed.h handy.h iperlsys.h perlio.h regexp.h sv.h util.h form.h gv.h pad.h cv.h opnames.h op.h cop.h av.h hv.h mg.h scope.h warnings.h utf8.h perly.h thread.h pp.h proto.h pp_proto.h opcode.h embedvar.h intrpvar.h thrdvar.h perlvars.h patchlevel.h
$(addsuffix $(OBJ), $(basename deb.c)): deb.c EXTERN.h perl.h config.h spec_config.h embed.h handy.h iperlsys.h perlio.h regexp.h sv.h util.h form.h gv.h pad.h cv.h opnames.h op.h cop.h av.h hv.h mg.h scope.h warnings.h utf8.h perly.h thread.h pp.h proto.h pp_proto.h opcode.h embedvar.h intrpvar.h thrdvar.h perlvars.h patchlevel.h
$(addsuffix $(OBJ), $(basename pp_sort.c)): pp_sort.c specrand.h EXTERN.h perl.h config.h spec_config.h embed.h handy.h iperlsys.h perlio.h regexp.h sv.h util.h form.h gv.h pad.h cv.h opnames.h op.h cop.h av.h hv.h mg.h scope.h warnings.h utf8.h perly.h thread.h pp.h proto.h pp_proto.h opcode.h embedvar.h intrpvar.h thrdvar.h perlvars.h patchlevel.h
$(addsuffix $(OBJ), $(basename pp.c)): pp.c reentr.h keywords.h specrand.h EXTERN.h perl.h config.h spec_config.h embed.h handy.h iperlsys.h perlio.h regexp.h sv.h util.h form.h gv.h pad.h cv.h opnames.h op.h cop.h av.h hv.h mg.h scope.h warnings.h utf8.h perly.h thread.h pp.h proto.h pp_proto.h opcode.h embedvar.h intrpvar.h thrdvar.h perlvars.h patchlevel.h
$(addsuffix $(OBJ), $(basename win32.c)): win32.c win32iop.h XSUB.h perlapi.h EXTERN.h perl.h config.h spec_config.h embed.h handy.h iperlsys.h perlio.h regexp.h sv.h util.h form.h gv.h pad.h cv.h opnames.h op.h cop.h av.h hv.h mg.h scope.h warnings.h utf8.h perly.h thread.h pp.h proto.h pp_proto.h opcode.h embedvar.h intrpvar.h thrdvar.h perlvars.h patchlevel.h
$(addsuffix $(OBJ), $(basename dump.c)): dump.c regcomp.h regnodes.h EXTERN.h perl.h config.h spec_config.h embed.h handy.h iperlsys.h perlio.h regexp.h sv.h util.h form.h gv.h pad.h cv.h opnames.h op.h cop.h av.h hv.h mg.h scope.h warnings.h utf8.h perly.h thread.h pp.h proto.h pp_proto.h opcode.h embedvar.h intrpvar.h thrdvar.h perlvars.h patchlevel.h
# End dependencies
Wrote to makefile '/home/ricardo/SPECcpu2006/benchspec/CPU2006/400.perlbench/run/build_base_amd64-m64-gcc42-nn.0000/Makefile.spec':
TUNE=base
EXT=amd64-m64-gcc42-nn
NUMBER=400
NAME=perlbench
SOURCES= av.c deb.c doio.c doop.c dump.c globals.c gv.c hv.c locale.c mg.c \
	 numeric.c op.c pad.c perl.c perlapi.c perlio.c perlmain.c perly.c pp.c \
	 pp_ctl.c pp_hot.c pp_pack.c pp_sort.c pp_sys.c regcomp.c regexec.c run.c \
	 scope.c sv.c taint.c toke.c universal.c utf8.c util.c xsutils.c Base64.c \
	 Cwd.c Dumper.c HiRes.c IO.c Peek.c attrs.c poll.c stdio.c DynaLoader.c \
	 MD5.c Storable.c Parser.c specrand.c Hostname.c Opcode.c
EXEBASE=perlbench
NEED_MATH=yes
BENCHLANG=C
ONESTEP=
CONESTEP=

BENCH_FLAGS      = -DPERL_CORE
CC               = /usr/bin/gcc
COPTIMIZE        = -O3 -march=native
CPORTABILITY     = -DSPEC_CPU_LINUX_X64
CXX              = /usr/bin/g++
CXXOPTIMIZE      = -O3 -march=native -fpermissive -Wdeprecated -Wdeprecated-declarations
FC               = /usr/bin/gfortran
FOPTIMIZE        = -O3 -march=native -std=legacy
FPBASE           = yes
OS               = unix
PORTABILITY      = -DSPEC_CPU_LP64
abstol           = 
action           = validate
allow_extension_override = 0
backup_config    = 1
baseexe          = perlbench
basepeak         = 0
benchdir         = benchspec
benchmark        = 400.perlbench
binary           = 
bindir           = exe
calctol          = 0
changedmd5       = 0
check_integrity  = 1
check_md5        = 1
check_version    = 1
command_add_redirect = 0
commanderrfile   = speccmds.err
commandexe       = perlbench_base.amd64-m64-gcc42-nn
commandfile      = speccmds.cmd
commandoutfile   = speccmds.out
commandstdoutfile = speccmds.stdout
compareerrfile   = compare.err
comparefile      = compare.cmd
compareoutfile   = compare.out
comparestdoutfile = compare.stdout
compile_error    = 0
compwhite        = 
configdir        = config
configpath       = /home/ricardo/SPECcpu2006/config/ricardo-linux.cfg
copies           = 1
datadir          = data
delay            = 0
deletebinaries   = 0
deletework       = 0
difflines        = 10
dirprot          = 511
endian           = 12345678
env_vars         = 0
exitvals         = spec_exit
expand_notes     = 0
expid            = 
ext              = amd64-m64-gcc42-nn
fake             = 0
feedback         = 1
flag_url_base    = http://www.spec.org/auto/cpu2006/flags/
floatcompare     = 
help             = 0
http_proxy       = 
http_timeout     = 30
hw_avail         = Dec-9999
hw_cpu_char      = 
hw_cpu_mhz       = 3000
hw_cpu_name      = AMD Opteron 256
hw_disk          = SATA
hw_fpu           = Integrated
hw_memory        = 2 GB (2 x 1GB DDR333 CL2.5)
hw_model         = Tyan Thunder KKQS Pro (S4882)
hw_nchips        = 1
hw_ncores        = 1
hw_ncoresperchip = 1
hw_ncpuorder     = 1 chip
hw_nthreadspercore = 1
hw_ocache        = None
hw_pcache        = 64 KB I + 64 KB D on chip per chip
hw_scache        = 1 MB I+D on chip per chip
hw_tcache        = None
hw_vendor        = Tyan
ignore_errors    = yes
ignore_sigint    = 0
ignorecase       = 
info_wrap_columns = 50
inputdir         = input
iteration        = -1
iterations       = 1
license_num      = 9999
line_width       = 0
locking          = 1
log              = CPU2006
log_line_width   = 0
logname          = /home/ricardo/SPECcpu2006/result/CPU2006.016.log
lognum           = 016
mach             = default
mail_reports     = all
mailcompress     = 0
mailmethod       = smtp
mailport         = 25
mailserver       = 127.0.0.1
mailto           = 
make             = specmake
make_no_clobber  = 0
makeflags        = 
max_active_compares = 0
mean_anyway      = 0
min_report_runs  = 3
minimize_builddirs = 0
minimize_rundirs = 0
name             = perlbench
nc               = 0
need_math        = yes
no_input_handler = close
no_monitor       = 
notes0100        =  C base flags: -O3 -march=native
notes0110        =  C++ base flags: -O3 -march=native -fpermissive -Wdeprecated -Wdeprecated-declarations
notes0120        =  Fortran base flags: -O3 -march=native -std=legacy
notes25          =  PORTABILITY=-DSPEC_CPU_LP64 is applied to all benchmarks in base.
notes35          =  400.perlbench: -DSPEC_CPU_LINUX_X64
notes_wrap_columns = 0
notes_wrap_indent =     
num              = 400
obiwan           = 
os_exe_ext       = 
output           = asc
output_format    = asc, pdf, Screen
output_root      = 
outputdir        = output
path             = /home/ricardo/SPECcpu2006/benchspec/CPU2006/400.perlbench
plain_train      = 1
prefix           = 
prepared_by      = 
rate             = 0
rawfile          = 
rawformat        = 0
realuser         = your name here
rebuild          = 0
reftime          = reftime
reltol           = 
reportable       = 0
resultdir        = result
review           = 0
run              = all
runspec          = /home/ricardo/SPECcpu2006/bin/runspec --config=ricardo-linux.cfg -a run --size=ref --noreportable --tune=base --iterations=1 all
safe_eval        = 1
section_specifier_fatal = 1
sendmail         = /usr/sbin/sendmail
setpgrp_enabled  = 1
setprocgroup     = 1
shrate           = 0
sigint           = 2
size             = ref
skipabstol       = 
skipobiwan       = 
skipreltol       = 
skiptol          = 
smarttune        = base
specdiff         = specdiff
specmake         = Makefile.YYYtArGeTYYYspec
specrun          = specinvoke
speed            = 0
srcalt           = 
srcdir           = src
stagger          = 10
strict_rundir_verify = 1
subworkdir       = work
sw_auto_parallel = No
sw_avail         = Dec-9999
sw_base_ptrsize  = 64-bit
sw_compiler      = gcc , g++ & gfortran 4.2.0325 (for AMD64)
sw_file          = ext3
sw_os            = SUSE SLES9 (for AMD64)
sw_other         = None
sw_peak_ptrsize  = Not Applicable
sw_state         = runlevel 3
sysinfo_program  = 
table            = 1
teeout           = yes
teerunout        = yes
test_date        = Dec-9999
test_sponsor     = Turbo Computers
tester           = 
top              = /home/ricardo/SPECcpu2006
tune             = base
uid              = 1001
unbuffer         = 1
update-flags     = 0
use_submit_for_speed = 0
username         = ricardo
vendor           = anon
vendor_makefiles = 0
verbose          = 5
version          = 0
version_url      = http://www.spec.org/auto/cpu2006/current_version
workdir          = run
worklist         = list
  Compile for '400.perlbench' started at: Mon Oct 14 19:26:07 2019 (1571073967)
Issuing make.clean command 'specmake clean'
Start make.clean command: Mon Oct 14 19:26:07 2019 (1571073967)
rm -rf perlbench perlbench.exe *.o  *.fppized.f*
find . \( -name \*.o -o -name '*.fppized.f*' \) -print | xargs rm -rf
rm -rf core 
Stop make.clean command: Mon Oct 14 19:26:08 2019 (1571073968)
Elapsed time for make.clean command: 00:00:01 (1)
Issuing make command 'specmake build'
Start make command: Mon Oct 14 19:26:08 2019 (1571073968)
/usr/bin/gcc -c -o av.o -DSPEC_CPU -DNDEBUG -DPERL_CORE   -O3 -march=native       -DSPEC_CPU_LP64 -DSPEC_CPU_LINUX_X64        av.c
/usr/bin/gcc -c -o deb.o -DSPEC_CPU -DNDEBUG -DPERL_CORE   -O3 -march=native       -DSPEC_CPU_LP64 -DSPEC_CPU_LINUX_X64        deb.c
/usr/bin/gcc -c -o doio.o -DSPEC_CPU -DNDEBUG -DPERL_CORE   -O3 -march=native       -DSPEC_CPU_LP64 -DSPEC_CPU_LINUX_X64        doio.c
/usr/bin/gcc -c -o doop.o -DSPEC_CPU -DNDEBUG -DPERL_CORE   -O3 -march=native       -DSPEC_CPU_LP64 -DSPEC_CPU_LINUX_X64        doop.c
/usr/bin/gcc -c -o dump.o -DSPEC_CPU -DNDEBUG -DPERL_CORE   -O3 -march=native       -DSPEC_CPU_LP64 -DSPEC_CPU_LINUX_X64        dump.c
/usr/bin/gcc -c -o globals.o -DSPEC_CPU -DNDEBUG -DPERL_CORE   -O3 -march=native       -DSPEC_CPU_LP64 -DSPEC_CPU_LINUX_X64        globals.c
/usr/bin/gcc -c -o gv.o -DSPEC_CPU -DNDEBUG -DPERL_CORE   -O3 -march=native       -DSPEC_CPU_LP64 -DSPEC_CPU_LINUX_X64        gv.c
/usr/bin/gcc -c -o hv.o -DSPEC_CPU -DNDEBUG -DPERL_CORE   -O3 -march=native       -DSPEC_CPU_LP64 -DSPEC_CPU_LINUX_X64        hv.c
/usr/bin/gcc -c -o locale.o -DSPEC_CPU -DNDEBUG -DPERL_CORE   -O3 -march=native       -DSPEC_CPU_LP64 -DSPEC_CPU_LINUX_X64        locale.c
/usr/bin/gcc -c -o mg.o -DSPEC_CPU -DNDEBUG -DPERL_CORE   -O3 -march=native       -DSPEC_CPU_LP64 -DSPEC_CPU_LINUX_X64        mg.c
/usr/bin/gcc -c -o numeric.o -DSPEC_CPU -DNDEBUG -DPERL_CORE   -O3 -march=native       -DSPEC_CPU_LP64 -DSPEC_CPU_LINUX_X64        numeric.c
/usr/bin/gcc -c -o op.o -DSPEC_CPU -DNDEBUG -DPERL_CORE   -O3 -march=native       -DSPEC_CPU_LP64 -DSPEC_CPU_LINUX_X64        op.c
/usr/bin/gcc -c -o pad.o -DSPEC_CPU -DNDEBUG -DPERL_CORE   -O3 -march=native       -DSPEC_CPU_LP64 -DSPEC_CPU_LINUX_X64        pad.c
/usr/bin/gcc -c -o perl.o -DSPEC_CPU -DNDEBUG -DPERL_CORE   -O3 -march=native       -DSPEC_CPU_LP64 -DSPEC_CPU_LINUX_X64        perl.c
/usr/bin/gcc -c -o perlapi.o -DSPEC_CPU -DNDEBUG -DPERL_CORE   -O3 -march=native       -DSPEC_CPU_LP64 -DSPEC_CPU_LINUX_X64        perlapi.c
/usr/bin/gcc -c -o perlio.o -DSPEC_CPU -DNDEBUG -DPERL_CORE   -O3 -march=native       -DSPEC_CPU_LP64 -DSPEC_CPU_LINUX_X64        perlio.c
/usr/bin/gcc -c -o perlmain.o -DSPEC_CPU -DNDEBUG -DPERL_CORE   -O3 -march=native       -DSPEC_CPU_LP64 -DSPEC_CPU_LINUX_X64        perlmain.c
/usr/bin/gcc -c -o perly.o -DSPEC_CPU -DNDEBUG -DPERL_CORE   -O3 -march=native       -DSPEC_CPU_LP64 -DSPEC_CPU_LINUX_X64        perly.c
/usr/bin/gcc -c -o pp.o -DSPEC_CPU -DNDEBUG -DPERL_CORE   -O3 -march=native       -DSPEC_CPU_LP64 -DSPEC_CPU_LINUX_X64        pp.c
/usr/bin/gcc -c -o pp_ctl.o -DSPEC_CPU -DNDEBUG -DPERL_CORE   -O3 -march=native       -DSPEC_CPU_LP64 -DSPEC_CPU_LINUX_X64        pp_ctl.c
/usr/bin/gcc -c -o pp_hot.o -DSPEC_CPU -DNDEBUG -DPERL_CORE   -O3 -march=native       -DSPEC_CPU_LP64 -DSPEC_CPU_LINUX_X64        pp_hot.c
/usr/bin/gcc -c -o pp_pack.o -DSPEC_CPU -DNDEBUG -DPERL_CORE   -O3 -march=native       -DSPEC_CPU_LP64 -DSPEC_CPU_LINUX_X64        pp_pack.c
